{"level":"info","message":"✅ Database connected successfully","service":"ecommerce-api","timestamp":"2025-09-03 02:49:53"}
{"level":"info","message":"✅ Database connected successfully","service":"ecommerce-api","timestamp":"2025-09-03 02:49:55"}
{"level":"info","message":"✅ Database connected successfully","service":"ecommerce-api","timestamp":"2025-09-03 02:52:52"}
{"level":"info","message":"✅ Database connected successfully","service":"ecommerce-api","timestamp":"2025-09-03 02:52:57"}
{"level":"info","message":"✅ Database connected successfully","service":"ecommerce-api","timestamp":"2025-09-03 02:53:07"}
{"level":"info","message":"✅ Database connected successfully","service":"ecommerce-api","timestamp":"2025-09-03 02:53:16"}
{"level":"info","message":"✅ Database connected successfully","service":"ecommerce-api","timestamp":"2025-09-03 02:53:50"}
{"level":"info","message":"✅ Database connected successfully","service":"ecommerce-api","timestamp":"2025-09-03 07:13:40"}
{"level":"info","message":"✅ Database connected successfully","service":"ecommerce-api","timestamp":"2025-09-05 18:08:51"}
{"level":"info","message":"POST /login - ::ffff:127.0.0.1","service":"ecommerce-api","timestamp":"2025-09-05 18:25:52"}
{"level":"info","message":"POST /auth/login - ::ffff:127.0.0.1","service":"ecommerce-api","timestamp":"2025-09-05 18:26:11"}
{"level":"info","message":"POST /api/auth/login - ::ffff:127.0.0.1","service":"ecommerce-api","timestamp":"2025-09-05 18:26:47"}
{"level":"info","message":"POST /api/auth/login - ::ffff:127.0.0.1","service":"ecommerce-api","timestamp":"2025-09-05 18:26:47"}
{"level":"info","message":"POST /api/v1/login - ::ffff:127.0.0.1","service":"ecommerce-api","timestamp":"2025-09-05 18:29:10"}
{"level":"info","message":"POST /api/v1/login - ::ffff:127.0.0.1","service":"ecommerce-api","timestamp":"2025-09-05 18:29:12"}
{"level":"info","message":"POST /api/v1/auth/login - ::ffff:127.0.0.1","service":"ecommerce-api","timestamp":"2025-09-05 18:29:21"}
{"level":"error","message":"Login error: ApiResponse.success is not a function","service":"ecommerce-api","stack":"TypeError: ApiResponse.success is not a function\n    at login (C:\\Users\\achou\\OneDrive\\Desktop\\moaud-boutique\\backend\\src\\controllers\\auth.controller.js:15:24)","timestamp":"2025-09-05 18:29:22"}
{"level":"info","message":"✅ Database connected successfully","service":"ecommerce-api","timestamp":"2025-09-05 18:31:29"}
{"level":"info","message":"✅ Database connected successfully","service":"ecommerce-api","timestamp":"2025-09-05 18:31:51"}
{"level":"info","message":"POST /api/v1/auth/login - ::ffff:127.0.0.1","service":"ecommerce-api","timestamp":"2025-09-05 18:31:57"}
{"level":"error","message":"Login error: Cannot read properties of undefined (reading 'findUnique')","service":"ecommerce-api","stack":"TypeError: Cannot read properties of undefined (reading 'findUnique')\n    at Object.login (C:\\Users\\achou\\OneDrive\\Desktop\\moaud-boutique\\backend\\src\\services\\auth.service.js:23:35)\n    at login (C:\\Users\\achou\\OneDrive\\Desktop\\moaud-boutique\\backend\\src\\controllers\\auth.controller.js:13:47)\n    at newFn (C:\\Users\\achou\\OneDrive\\Desktop\\moaud-boutique\\backend\\node_modules\\express-async-errors\\index.js:16:20)\n    at Layer.handle [as handle_request] (C:\\Users\\achou\\OneDrive\\Desktop\\moaud-boutique\\backend\\node_modules\\express\\lib\\router\\layer.js:95:5)\n    at next (C:\\Users\\achou\\OneDrive\\Desktop\\moaud-boutique\\backend\\node_modules\\express\\lib\\router\\route.js:149:13)\n    at Route.dispatch (C:\\Users\\achou\\OneDrive\\Desktop\\moaud-boutique\\backend\\node_modules\\express\\lib\\router\\route.js:119:3)\n    at newFn (C:\\Users\\achou\\OneDrive\\Desktop\\moaud-boutique\\backend\\node_modules\\express-async-errors\\index.js:16:20)\n    at Layer.handle [as handle_request] (C:\\Users\\achou\\OneDrive\\Desktop\\moaud-boutique\\backend\\node_modules\\express\\lib\\router\\layer.js:95:5)\n    at C:\\Users\\achou\\OneDrive\\Desktop\\moaud-boutique\\backend\\node_modules\\express\\lib\\router\\index.js:284:15\n    at Function.process_params (C:\\Users\\achou\\OneDrive\\Desktop\\moaud-boutique\\backend\\node_modules\\express\\lib\\router\\index.js:346:12)","timestamp":"2025-09-05 18:31:57"}
{"level":"info","message":"POST /api/v1/auth/login - ::ffff:127.0.0.1","service":"ecommerce-api","timestamp":"2025-09-05 18:31:58"}
{"level":"error","message":"Login error: Cannot read properties of undefined (reading 'findUnique')","service":"ecommerce-api","stack":"TypeError: Cannot read properties of undefined (reading 'findUnique')\n    at Object.login (C:\\Users\\achou\\OneDrive\\Desktop\\moaud-boutique\\backend\\src\\services\\auth.service.js:23:35)\n    at login (C:\\Users\\achou\\OneDrive\\Desktop\\moaud-boutique\\backend\\src\\controllers\\auth.controller.js:13:47)\n    at newFn (C:\\Users\\achou\\OneDrive\\Desktop\\moaud-boutique\\backend\\node_modules\\express-async-errors\\index.js:16:20)\n    at Layer.handle [as handle_request] (C:\\Users\\achou\\OneDrive\\Desktop\\moaud-boutique\\backend\\node_modules\\express\\lib\\router\\layer.js:95:5)\n    at next (C:\\Users\\achou\\OneDrive\\Desktop\\moaud-boutique\\backend\\node_modules\\express\\lib\\router\\route.js:149:13)\n    at Route.dispatch (C:\\Users\\achou\\OneDrive\\Desktop\\moaud-boutique\\backend\\node_modules\\express\\lib\\router\\route.js:119:3)\n    at newFn (C:\\Users\\achou\\OneDrive\\Desktop\\moaud-boutique\\backend\\node_modules\\express-async-errors\\index.js:16:20)\n    at Layer.handle [as handle_request] (C:\\Users\\achou\\OneDrive\\Desktop\\moaud-boutique\\backend\\node_modules\\express\\lib\\router\\layer.js:95:5)\n    at C:\\Users\\achou\\OneDrive\\Desktop\\moaud-boutique\\backend\\node_modules\\express\\lib\\router\\index.js:284:15\n    at Function.process_params (C:\\Users\\achou\\OneDrive\\Desktop\\moaud-boutique\\backend\\node_modules\\express\\lib\\router\\index.js:346:12)","timestamp":"2025-09-05 18:31:58"}
{"level":"info","message":"POST /api/v1/auth/login - ::ffff:127.0.0.1","service":"ecommerce-api","timestamp":"2025-09-05 18:31:59"}
{"level":"error","message":"Login error: Cannot read properties of undefined (reading 'findUnique')","service":"ecommerce-api","stack":"TypeError: Cannot read properties of undefined (reading 'findUnique')\n    at Object.login (C:\\Users\\achou\\OneDrive\\Desktop\\moaud-boutique\\backend\\src\\services\\auth.service.js:23:35)\n    at login (C:\\Users\\achou\\OneDrive\\Desktop\\moaud-boutique\\backend\\src\\controllers\\auth.controller.js:13:47)\n    at newFn (C:\\Users\\achou\\OneDrive\\Desktop\\moaud-boutique\\backend\\node_modules\\express-async-errors\\index.js:16:20)\n    at Layer.handle [as handle_request] (C:\\Users\\achou\\OneDrive\\Desktop\\moaud-boutique\\backend\\node_modules\\express\\lib\\router\\layer.js:95:5)\n    at next (C:\\Users\\achou\\OneDrive\\Desktop\\moaud-boutique\\backend\\node_modules\\express\\lib\\router\\route.js:149:13)\n    at Route.dispatch (C:\\Users\\achou\\OneDrive\\Desktop\\moaud-boutique\\backend\\node_modules\\express\\lib\\router\\route.js:119:3)\n    at newFn (C:\\Users\\achou\\OneDrive\\Desktop\\moaud-boutique\\backend\\node_modules\\express-async-errors\\index.js:16:20)\n    at Layer.handle [as handle_request] (C:\\Users\\achou\\OneDrive\\Desktop\\moaud-boutique\\backend\\node_modules\\express\\lib\\router\\layer.js:95:5)\n    at C:\\Users\\achou\\OneDrive\\Desktop\\moaud-boutique\\backend\\node_modules\\express\\lib\\router\\index.js:284:15\n    at Function.process_params (C:\\Users\\achou\\OneDrive\\Desktop\\moaud-boutique\\backend\\node_modules\\express\\lib\\router\\index.js:346:12)","timestamp":"2025-09-05 18:31:59"}
{"level":"info","message":"POST /api/v1/auth/login - ::ffff:127.0.0.1","service":"ecommerce-api","timestamp":"2025-09-05 18:31:59"}
{"level":"error","message":"Login error: Cannot read properties of undefined (reading 'findUnique')","service":"ecommerce-api","stack":"TypeError: Cannot read properties of undefined (reading 'findUnique')\n    at Object.login (C:\\Users\\achou\\OneDrive\\Desktop\\moaud-boutique\\backend\\src\\services\\auth.service.js:23:35)\n    at login (C:\\Users\\achou\\OneDrive\\Desktop\\moaud-boutique\\backend\\src\\controllers\\auth.controller.js:13:47)\n    at newFn (C:\\Users\\achou\\OneDrive\\Desktop\\moaud-boutique\\backend\\node_modules\\express-async-errors\\index.js:16:20)\n    at Layer.handle [as handle_request] (C:\\Users\\achou\\OneDrive\\Desktop\\moaud-boutique\\backend\\node_modules\\express\\lib\\router\\layer.js:95:5)\n    at next (C:\\Users\\achou\\OneDrive\\Desktop\\moaud-boutique\\backend\\node_modules\\express\\lib\\router\\route.js:149:13)\n    at Route.dispatch (C:\\Users\\achou\\OneDrive\\Desktop\\moaud-boutique\\backend\\node_modules\\express\\lib\\router\\route.js:119:3)\n    at newFn (C:\\Users\\achou\\OneDrive\\Desktop\\moaud-boutique\\backend\\node_modules\\express-async-errors\\index.js:16:20)\n    at Layer.handle [as handle_request] (C:\\Users\\achou\\OneDrive\\Desktop\\moaud-boutique\\backend\\node_modules\\express\\lib\\router\\layer.js:95:5)\n    at C:\\Users\\achou\\OneDrive\\Desktop\\moaud-boutique\\backend\\node_modules\\express\\lib\\router\\index.js:284:15\n    at Function.process_params (C:\\Users\\achou\\OneDrive\\Desktop\\moaud-boutique\\backend\\node_modules\\express\\lib\\router\\index.js:346:12)","timestamp":"2025-09-05 18:31:59"}
{"level":"info","message":"✅ Database connected successfully","service":"ecommerce-api","timestamp":"2025-09-05 18:33:08"}
{"level":"info","message":"POST /api/v1/auth/login - ::ffff:127.0.0.1","service":"ecommerce-api","timestamp":"2025-09-05 18:33:10"}
{"level":"error","message":"Login error: ApiResponse.success is not a function","service":"ecommerce-api","stack":"TypeError: ApiResponse.success is not a function\n    at login (C:\\Users\\achou\\OneDrive\\Desktop\\moaud-boutique\\backend\\src\\controllers\\auth.controller.js:15:24)","timestamp":"2025-09-05 18:33:11"}
{"level":"info","message":"✅ Database connected successfully","service":"ecommerce-api","timestamp":"2025-09-05 18:34:44"}
{"level":"info","message":"✅ Database connected successfully","service":"ecommerce-api","timestamp":"2025-09-05 18:35:50"}
{"level":"info","message":"POST /api/v1/auth/login - ::ffff:127.0.0.1","service":"ecommerce-api","timestamp":"2025-09-05 18:35:53"}
{"level":"info","message":"✅ Database connected successfully","service":"ecommerce-api","timestamp":"2025-09-05 18:36:36"}
{"level":"info","message":"✅ Database connected successfully","service":"ecommerce-api","timestamp":"2025-09-05 18:37:02"}
{"level":"info","message":"✅ Database connected successfully","service":"ecommerce-api","timestamp":"2025-09-05 18:37:04"}
{"level":"info","message":"POST /api/v1/auth/login - ::ffff:127.0.0.1","service":"ecommerce-api","timestamp":"2025-09-05 18:37:15"}
{"level":"info","message":"✅ Database connected successfully","service":"ecommerce-api","timestamp":"2025-09-05 18:42:25"}
{"level":"info","message":"✅ Database connected successfully","service":"ecommerce-api","timestamp":"2025-09-05 18:42:27"}
{"level":"info","message":"✅ Database connected successfully","service":"ecommerce-api","timestamp":"2025-09-09 10:28:38"}
{"level":"info","message":"✅ Database connected successfully","service":"ecommerce-api","timestamp":"2025-09-09 10:31:30"}
{"level":"info","message":"✅ Database connected successfully","service":"ecommerce-api","timestamp":"2025-09-09 10:32:18"}
{"level":"info","message":"✅ Database connected successfully","service":"ecommerce-api","timestamp":"2025-09-09 10:43:52"}
{"level":"info","message":"✅ Database connected successfully","service":"ecommerce-api","timestamp":"2025-09-09 10:43:57"}
{"level":"info","message":"✅ Database connected successfully","service":"ecommerce-api","timestamp":"2025-09-09 10:49:04"}
{"level":"info","message":"✅ Database connected successfully","service":"ecommerce-api","timestamp":"2025-09-09 10:49:22"}
{"level":"info","message":"✅ Database connected successfully","service":"ecommerce-api","timestamp":"2025-09-09 10:56:24"}
{"level":"info","message":"✅ Database connected successfully","service":"ecommerce-api","timestamp":"2025-09-09 10:56:45"}
{"level":"info","message":"✅ Database connected successfully","service":"ecommerce-api","timestamp":"2025-09-09 10:56:49"}
{"level":"info","message":"✅ Database connected successfully","service":"ecommerce-api","timestamp":"2025-09-09 23:39:03"}
{"level":"info","message":"GET /api/v1/products?page=1&limit=50 - ::1","service":"ecommerce-api","timestamp":"2025-09-09 23:45:37"}
{"level":"info","message":"GET /api/v1/products?page=1&limit=50 - ::1","service":"ecommerce-api","timestamp":"2025-09-09 23:45:47"}
{"level":"info","message":"GET /api/v1/products?page=1&limit=50 - ::1","service":"ecommerce-api","timestamp":"2025-09-09 23:45:52"}
{"level":"info","message":"GET /api/v1/products?page=1&limit=50 - ::1","service":"ecommerce-api","timestamp":"2025-09-09 23:46:27"}
{"level":"info","message":"GET /api/v1/products?page=1&limit=50 - ::1","service":"ecommerce-api","timestamp":"2025-09-09 23:49:44"}
{"level":"info","message":"GET /api/v1/products?page=1&limit=50 - ::1","service":"ecommerce-api","timestamp":"2025-09-09 23:50:46"}
{"level":"info","message":"GET /api/v1/products?page=1&limit=50 - ::1","service":"ecommerce-api","timestamp":"2025-09-09 23:51:22"}
{"level":"info","message":"GET /api/v1/products?page=1&limit=50 - ::1","service":"ecommerce-api","timestamp":"2025-09-09 23:51:40"}
{"level":"info","message":"GET /api/v1/products?page=1&limit=50 - ::1","service":"ecommerce-api","timestamp":"2025-09-09 23:52:01"}
{"level":"info","message":"GET /api/v1/products?page=1&limit=50 - ::1","service":"ecommerce-api","timestamp":"2025-09-09 23:52:06"}
{"level":"info","message":"GET /api/v1/products?page=1&limit=50 - ::1","service":"ecommerce-api","timestamp":"2025-09-09 23:53:00"}
{"level":"info","message":"POST /api/v1/products - ::1","service":"ecommerce-api","timestamp":"2025-09-09 23:53:34"}
{"level":"error","message":"Authentication error: ApiResponse.unauthorized is not a function","service":"ecommerce-api","stack":"TypeError: ApiResponse.unauthorized is not a function\n    at authenticate (C:\\Users\\HP\\Desktop\\MB\\backend\\src\\middlewares\\auth.middleware.js:15:26)\n    at newFn (C:\\Users\\HP\\Desktop\\MB\\backend\\node_modules\\express-async-errors\\index.js:16:20)\n    at Layer.handle [as handle_request] (C:\\Users\\HP\\Desktop\\MB\\backend\\node_modules\\express\\lib\\router\\layer.js:95:5)\n    at trim_prefix (C:\\Users\\HP\\Desktop\\MB\\backend\\node_modules\\express\\lib\\router\\index.js:328:13)\n    at C:\\Users\\HP\\Desktop\\MB\\backend\\node_modules\\express\\lib\\router\\index.js:286:9\n    at Function.process_params (C:\\Users\\HP\\Desktop\\MB\\backend\\node_modules\\express\\lib\\router\\index.js:346:12)\n    at next (C:\\Users\\HP\\Desktop\\MB\\backend\\node_modules\\express\\lib\\router\\index.js:280:10)\n    at Function.handle (C:\\Users\\HP\\Desktop\\MB\\backend\\node_modules\\express\\lib\\router\\index.js:175:3)\n    at router (C:\\Users\\HP\\Desktop\\MB\\backend\\node_modules\\express\\lib\\router\\index.js:47:12)\n    at newFn (C:\\Users\\HP\\Desktop\\MB\\backend\\node_modules\\express-async-errors\\index.js:16:20)","timestamp":"2025-09-09 23:53:34"}
{"level":"info","message":"✅ Database connected successfully","service":"ecommerce-api","timestamp":"2025-09-09 23:55:34"}
{"level":"info","message":"✅ Database connected successfully","service":"ecommerce-api","timestamp":"2025-09-09 23:55:42"}
{"level":"info","message":"GET /api/v1/products?page=1&limit=50 - ::1","service":"ecommerce-api","timestamp":"2025-09-09 23:56:35"}
{"level":"info","message":"POST /api/v1/products - ::1","service":"ecommerce-api","timestamp":"2025-09-09 23:56:38"}
{"level":"info","message":"GET /api/v1/products?page=1&limit=50 - ::1","service":"ecommerce-api","timestamp":"2025-09-09 23:56:41"}
{"level":"info","message":"GET /api/v1/products?page=1&limit=50 - ::1","service":"ecommerce-api","timestamp":"2025-09-09 23:58:06"}
{"level":"info","message":"GET /api/v1/products?page=1&limit=50 - ::1","service":"ecommerce-api","timestamp":"2025-09-09 23:58:17"}
{"level":"info","message":"✅ Database connected successfully","service":"ecommerce-api","timestamp":"2025-09-09 23:59:55"}
{"clientVersion":"5.22.0","errorCode":"P1001","level":"error","message":"❌ Database connection failed: Can't reach database server at `aws-1-eu-central-1.pooler.supabase.com:5432`\n\nPlease make sure your database server is running at `aws-1-eu-central-1.pooler.supabase.com:5432`.","name":"PrismaClientInitializationError","service":"ecommerce-api","stack":"PrismaClientInitializationError: Can't reach database server at `aws-1-eu-central-1.pooler.supabase.com:5432`\n\nPlease make sure your database server is running at `aws-1-eu-central-1.pooler.supabase.com:5432`.\n    at t (C:\\Users\\HP\\Desktop\\MB\\backend\\node_modules\\@prisma\\client\\runtime\\library.js:112:2488)\n    at async connectDatabase (C:\\Users\\HP\\Desktop\\MB\\backend\\src\\config\\database.js:42:5)","timestamp":"2025-09-10 00:00:30"}
{"level":"info","message":"✅ Database connected successfully","service":"ecommerce-api","timestamp":"2025-09-10 00:00:34"}
{"level":"info","message":"GET /api/v1/products?page=1&limit=50 - ::1","service":"ecommerce-api","timestamp":"2025-09-10 00:11:13"}
{"level":"info","message":"GET /api/v1/auth/login - ::ffff:127.0.0.1","service":"ecommerce-api","timestamp":"2025-09-10 00:18:36"}
{"level":"info","message":"GET /api/auth/login - ::ffff:127.0.0.1","service":"ecommerce-api","timestamp":"2025-09-10 00:19:02"}
{"level":"info","message":"GET /api/login - ::ffff:127.0.0.1","service":"ecommerce-api","timestamp":"2025-09-10 00:19:26"}
{"level":"info","message":"GET /api/login - ::ffff:127.0.0.1","service":"ecommerce-api","timestamp":"2025-09-10 00:19:27"}
{"level":"info","message":"GET /login - ::ffff:127.0.0.1","service":"ecommerce-api","timestamp":"2025-09-10 00:19:31"}
{"level":"info","message":"GET /login - ::ffff:127.0.0.1","service":"ecommerce-api","timestamp":"2025-09-10 00:19:32"}
{"level":"info","message":"GET / - ::ffff:127.0.0.1","service":"ecommerce-api","timestamp":"2025-09-10 00:19:38"}
{"level":"info","message":"GET / - ::ffff:127.0.0.1","service":"ecommerce-api","timestamp":"2025-09-10 00:19:38"}
{"level":"info","message":"GET / - ::ffff:127.0.0.1","service":"ecommerce-api","timestamp":"2025-09-10 00:19:39"}
{"level":"info","message":"GET / - ::ffff:127.0.0.1","service":"ecommerce-api","timestamp":"2025-09-10 00:19:39"}
{"level":"info","message":"GET / - ::ffff:127.0.0.1","service":"ecommerce-api","timestamp":"2025-09-10 00:19:40"}
{"level":"info","message":"GET / - ::ffff:127.0.0.1","service":"ecommerce-api","timestamp":"2025-09-10 00:19:40"}
{"level":"info","message":"GET / - ::ffff:127.0.0.1","service":"ecommerce-api","timestamp":"2025-09-10 00:19:40"}
{"level":"info","message":"GET / - ::ffff:127.0.0.1","service":"ecommerce-api","timestamp":"2025-09-10 00:19:40"}
{"level":"info","message":"GET / - ::ffff:127.0.0.1","service":"ecommerce-api","timestamp":"2025-09-10 00:19:40"}
{"level":"info","message":"GET / - ::ffff:127.0.0.1","service":"ecommerce-api","timestamp":"2025-09-10 00:19:40"}
{"level":"info","message":"POST /api/v1/auth/login - ::ffff:127.0.0.1","service":"ecommerce-api","timestamp":"2025-09-10 00:20:13"}
{"level":"info","message":"POST /api/v1/auth/login - ::1","service":"ecommerce-api","timestamp":"2025-09-10 00:22:15"}
{"level":"info","message":"POST /api/v1/auth/login - ::1","service":"ecommerce-api","timestamp":"2025-09-10 00:22:32"}
{"level":"error","message":"Login error: Invalid email or password","service":"ecommerce-api","stack":"Error: Invalid email or password\n    at Object.login (C:\\Users\\HP\\Desktop\\MB\\backend\\src\\services\\auth.service.js:28:11)\n    at async login (C:\\Users\\HP\\Desktop\\MB\\backend\\src\\controllers\\auth.controller.js:13:29)","timestamp":"2025-09-10 00:22:32"}
{"level":"info","message":"POST /api/v1/auth/login - ::1","service":"ecommerce-api","timestamp":"2025-09-10 00:22:39"}
{"level":"info","message":"GET /api/v1/products?page=1&limit=50 - ::1","service":"ecommerce-api","timestamp":"2025-09-10 00:22:49"}
{"level":"info","message":"GET /api/v1/products?page=1&limit=50 - ::1","service":"ecommerce-api","timestamp":"2025-09-10 00:23:49"}
{"level":"info","message":"GET /api/v1/products?page=1&limit=50 - ::1","service":"ecommerce-api","timestamp":"2025-09-10 00:24:24"}
{"level":"info","message":"POST /api/v1/products - ::1","service":"ecommerce-api","timestamp":"2025-09-10 00:24:30"}
{"level":"info","message":"GET /api/v1/products?page=1&limit=50 - ::1","service":"ecommerce-api","timestamp":"2025-09-10 00:24:42"}
{"level":"info","message":"POST /api/v1/products - ::1","service":"ecommerce-api","timestamp":"2025-09-10 00:25:24"}
{"level":"info","message":"GET /api/v1/products?page=1&limit=50 - ::1","service":"ecommerce-api","timestamp":"2025-09-10 00:28:16"}
{"level":"info","message":"GET /api/v1/products?page=1&limit=50 - ::1","service":"ecommerce-api","timestamp":"2025-09-10 00:29:58"}
{"level":"info","message":"GET /api/v1/products?page=1&limit=50 - ::1","service":"ecommerce-api","timestamp":"2025-09-10 00:30:27"}
{"level":"info","message":"GET /api/v1/products?page=1&limit=50 - ::1","service":"ecommerce-api","timestamp":"2025-09-10 00:30:32"}
{"level":"info","message":"GET /api/v1/products?page=1&limit=50 - ::1","service":"ecommerce-api","timestamp":"2025-09-10 00:31:39"}
{"level":"info","message":"GET /api/v1/products?page=1&limit=50 - ::1","service":"ecommerce-api","timestamp":"2025-09-10 00:35:23"}
{"level":"info","message":"GET /api/v1/products?page=1&limit=50 - ::1","service":"ecommerce-api","timestamp":"2025-09-10 00:35:28"}
{"level":"info","message":"GET /api/v1/products?page=1&limit=50 - ::1","service":"ecommerce-api","timestamp":"2025-09-10 00:35:37"}
{"level":"info","message":"GET /api/v1/products?page=1&limit=50 - ::1","service":"ecommerce-api","timestamp":"2025-09-10 00:35:54"}
{"level":"info","message":"GET /api/v1/products?page=1&limit=50 - ::1","service":"ecommerce-api","timestamp":"2025-09-10 00:36:03"}
{"level":"info","message":"POST /api/v1/products - ::1","service":"ecommerce-api","timestamp":"2025-09-10 00:36:07"}
{"level":"info","message":"GET /api/v1/products?page=1&limit=50 - ::1","service":"ecommerce-api","timestamp":"2025-09-10 00:36:23"}
{"level":"info","message":"POST /api/v1/products - ::1","service":"ecommerce-api","timestamp":"2025-09-10 00:37:19"}
{"level":"info","message":"✅ Database connected successfully","service":"ecommerce-api","timestamp":"2025-09-10 00:39:41"}
{"level":"info","message":"✅ Database connected successfully","service":"ecommerce-api","timestamp":"2025-09-10 00:39:59"}
{"level":"info","message":"GET /api/v1/products?page=1&limit=50 - ::1","service":"ecommerce-api","timestamp":"2025-09-10 00:40:08"}
{"level":"info","message":"POST /api/v1/products - ::1","service":"ecommerce-api","timestamp":"2025-09-10 00:40:10"}
{"level":"info","message":"GET /api/v1/products?page=1&limit=50 - ::1","service":"ecommerce-api","timestamp":"2025-09-10 00:41:10"}
{"level":"info","message":"GET /api/v1/products?page=1&limit=50 - ::1","service":"ecommerce-api","timestamp":"2025-09-10 00:41:22"}
{"level":"info","message":"GET /api/v1/products?page=1&limit=50 - ::1","service":"ecommerce-api","timestamp":"2025-09-10 00:43:46"}
{"level":"info","message":"✅ Database connected successfully","service":"ecommerce-api","timestamp":"2025-09-10 09:58:59"}
{"level":"info","message":"✅ Database connected successfully","service":"ecommerce-api","timestamp":"2025-09-10 10:00:34"}
{"level":"info","message":"✅ Database connected successfully","service":"ecommerce-api","timestamp":"2025-09-10 10:00:41"}
{"level":"info","message":"✅ Database connected successfully","service":"ecommerce-api","timestamp":"2025-09-10 10:06:41"}
{"level":"info","message":"POST /api/v1/auth/login - ::1","service":"ecommerce-api","timestamp":"2025-09-10 10:15:08"}
{"level":"error","message":"Login error: Invalid email or password","service":"ecommerce-api","stack":"Error: Invalid email or password\n    at Object.login (C:\\Users\\HP\\Desktop\\MB\\backend\\src\\services\\auth.service.js:28:11)\n    at async login (C:\\Users\\HP\\Desktop\\MB\\backend\\src\\controllers\\auth.controller.js:13:29)","timestamp":"2025-09-10 10:15:09"}
{"level":"info","message":"POST /api/v1/auth/login - ::1","service":"ecommerce-api","timestamp":"2025-09-10 10:15:21"}
{"level":"info","message":"GET /api/v1/products?page=1&limit=50 - ::1","service":"ecommerce-api","timestamp":"2025-09-10 10:15:22"}
{"level":"info","message":"GET /api/v1/products?page=1&limit=50 - ::1","service":"ecommerce-api","timestamp":"2025-09-10 10:15:35"}
{"level":"info","message":"GET /api/v1/products?page=1&limit=50 - ::1","service":"ecommerce-api","timestamp":"2025-09-10 10:15:41"}
{"level":"info","message":"GET /api/v1/products?page=1&limit=50 - ::1","service":"ecommerce-api","timestamp":"2025-09-10 10:15:48"}
{"level":"info","message":"GET /api/v1/products?page=1&limit=50 - ::1","service":"ecommerce-api","timestamp":"2025-09-10 10:16:10"}
{"level":"info","message":"GET /api/v1/products?page=1&limit=50 - ::1","service":"ecommerce-api","timestamp":"2025-09-10 10:16:54"}
{"level":"info","message":"POST /api/v1/products - ::1","service":"ecommerce-api","timestamp":"2025-09-10 10:16:58"}
{"level":"info","message":"POST /api/v1/products - ::1","service":"ecommerce-api","timestamp":"2025-09-10 10:18:13"}
{"level":"info","message":"GET /api/v1/auth/me - ::1","service":"ecommerce-api","timestamp":"2025-09-10 10:37:29"}
{"level":"info","message":"GET /api/v1/auth/me - ::1","service":"ecommerce-api","timestamp":"2025-09-10 10:37:30"}
{"level":"info","message":"GET /api/v1/auth/me - ::1","service":"ecommerce-api","timestamp":"2025-09-10 10:37:30"}
{"level":"info","message":"GET /api/v1/auth/me - ::1","service":"ecommerce-api","timestamp":"2025-09-10 10:37:30"}
{"level":"info","message":"POST /api/v1/auth/login - ::1","service":"ecommerce-api","timestamp":"2025-09-10 10:37:42"}
{"level":"info","message":"GET /api/v1/auth/me - ::1","service":"ecommerce-api","timestamp":"2025-09-10 10:37:54"}
{"level":"info","message":"GET /api/v1/auth/me - ::1","service":"ecommerce-api","timestamp":"2025-09-10 10:37:54"}
{"level":"info","message":"GET /api/v1/auth/me - ::1","service":"ecommerce-api","timestamp":"2025-09-10 10:37:54"}
{"level":"info","message":"GET /api/v1/auth/me - ::1","service":"ecommerce-api","timestamp":"2025-09-10 10:37:54"}
{"level":"info","message":"POST /api/v1/auth/login - ::1","service":"ecommerce-api","timestamp":"2025-09-10 10:38:09"}
{"level":"info","message":"GET /api/v1/products?page=1&limit=50 - ::1","service":"ecommerce-api","timestamp":"2025-09-10 10:38:15"}
{"level":"info","message":"GET /api/v1/categories - ::1","service":"ecommerce-api","timestamp":"2025-09-10 10:38:15"}
{"level":"info","message":"GET /api/v1/categories - ::1","service":"ecommerce-api","timestamp":"2025-09-10 10:38:18"}
{"level":"info","message":"GET /api/v1/auth/me - ::1","service":"ecommerce-api","timestamp":"2025-09-10 10:38:42"}
{"level":"info","message":"GET /api/v1/auth/me - ::1","service":"ecommerce-api","timestamp":"2025-09-10 10:38:42"}
{"level":"info","message":"GET /api/v1/auth/me - ::1","service":"ecommerce-api","timestamp":"2025-09-10 10:38:42"}
{"level":"info","message":"GET /api/v1/auth/me - ::1","service":"ecommerce-api","timestamp":"2025-09-10 10:38:42"}
{"level":"info","message":"POST /api/v1/auth/login - ::1","service":"ecommerce-api","timestamp":"2025-09-10 10:38:50"}
{"level":"info","message":"GET /api/v1/products?page=1&limit=50 - ::1","service":"ecommerce-api","timestamp":"2025-09-10 10:39:02"}
{"level":"info","message":"GET /api/v1/categories - ::1","service":"ecommerce-api","timestamp":"2025-09-10 10:39:02"}
{"level":"info","message":"GET /api/v1/categories - ::1","service":"ecommerce-api","timestamp":"2025-09-10 10:39:04"}
{"level":"info","message":"GET /api/v1/auth/me - ::1","service":"ecommerce-api","timestamp":"2025-09-10 10:40:22"}
{"level":"info","message":"GET /api/v1/auth/me - ::1","service":"ecommerce-api","timestamp":"2025-09-10 10:40:22"}
{"level":"info","message":"GET /api/v1/auth/me - ::1","service":"ecommerce-api","timestamp":"2025-09-10 10:40:22"}
{"level":"info","message":"GET /api/v1/auth/me - ::1","service":"ecommerce-api","timestamp":"2025-09-10 10:40:22"}
{"level":"info","message":"POST /api/v1/auth/login - ::1","service":"ecommerce-api","timestamp":"2025-09-10 10:41:36"}
{"level":"info","message":"GET /api/v1/products?page=1&limit=50 - ::1","service":"ecommerce-api","timestamp":"2025-09-10 10:41:37"}
{"level":"info","message":"GET /api/v1/categories - ::1","service":"ecommerce-api","timestamp":"2025-09-10 10:41:37"}
{"level":"info","message":"GET /api/v1/categories - ::1","service":"ecommerce-api","timestamp":"2025-09-10 10:41:40"}
{"level":"info","message":"GET /api/v1/auth/me - ::1","service":"ecommerce-api","timestamp":"2025-09-10 10:41:55"}
{"level":"info","message":"GET /api/v1/auth/me - ::1","service":"ecommerce-api","timestamp":"2025-09-10 10:41:55"}
{"level":"info","message":"GET /api/v1/auth/me - ::1","service":"ecommerce-api","timestamp":"2025-09-10 10:41:55"}
{"level":"info","message":"GET /api/v1/auth/me - ::1","service":"ecommerce-api","timestamp":"2025-09-10 10:41:55"}
{"level":"info","message":"POST /api/v1/auth/login - ::1","service":"ecommerce-api","timestamp":"2025-09-10 10:42:08"}
{"level":"info","message":"GET /api/v1/products?page=1&limit=50 - ::1","service":"ecommerce-api","timestamp":"2025-09-10 10:42:10"}
{"level":"info","message":"GET /api/v1/categories - ::1","service":"ecommerce-api","timestamp":"2025-09-10 10:42:10"}
{"level":"info","message":"GET /api/v1/categories - ::1","service":"ecommerce-api","timestamp":"2025-09-10 10:42:35"}
{"level":"info","message":"GET /api/v1/auth/me - ::1","service":"ecommerce-api","timestamp":"2025-09-10 10:43:29"}
{"level":"info","message":"GET /api/v1/auth/me - ::1","service":"ecommerce-api","timestamp":"2025-09-10 10:43:29"}
{"level":"info","message":"GET /api/v1/auth/me - ::1","service":"ecommerce-api","timestamp":"2025-09-10 10:43:29"}
{"level":"info","message":"GET /api/v1/auth/me - ::1","service":"ecommerce-api","timestamp":"2025-09-10 10:43:29"}
{"level":"info","message":"POST /api/v1/auth/login - ::1","service":"ecommerce-api","timestamp":"2025-09-10 10:45:39"}
{"level":"info","message":"GET /api/v1/products?page=1&limit=50 - ::1","service":"ecommerce-api","timestamp":"2025-09-10 10:45:41"}
{"level":"info","message":"GET /api/v1/categories - ::1","service":"ecommerce-api","timestamp":"2025-09-10 10:45:41"}
{"level":"info","message":"GET /api/v1/auth/me - ::1","service":"ecommerce-api","timestamp":"2025-09-10 10:45:46"}
{"level":"info","message":"GET /api/v1/auth/me - ::1","service":"ecommerce-api","timestamp":"2025-09-10 10:45:46"}
{"level":"info","message":"GET /api/v1/auth/me - ::1","service":"ecommerce-api","timestamp":"2025-09-10 10:45:46"}
{"level":"info","message":"GET /api/v1/auth/me - ::1","service":"ecommerce-api","timestamp":"2025-09-10 10:45:46"}
{"level":"info","message":"POST /api/v1/auth/login - ::1","service":"ecommerce-api","timestamp":"2025-09-10 10:45:54"}
{"level":"info","message":"GET /api/v1/products?page=1&limit=50 - ::1","service":"ecommerce-api","timestamp":"2025-09-10 10:45:55"}
{"level":"info","message":"GET /api/v1/categories - ::1","service":"ecommerce-api","timestamp":"2025-09-10 10:45:55"}
{"level":"info","message":"GET /api/v1/categories - ::1","service":"ecommerce-api","timestamp":"2025-09-10 10:45:59"}
{"level":"info","message":"POST /api/v1/categories - ::1","service":"ecommerce-api","timestamp":"2025-09-10 10:46:42"}
{"level":"info","message":"GET /api/v1/products?page=1&limit=50 - ::1","service":"ecommerce-api","timestamp":"2025-09-10 10:47:08"}
{"level":"info","message":"GET /api/v1/categories - ::1","service":"ecommerce-api","timestamp":"2025-09-10 10:47:08"}
{"level":"info","message":"GET /api/v1/categories - ::1","service":"ecommerce-api","timestamp":"2025-09-10 10:47:15"}
{"level":"info","message":"GET /api/v1/products?page=1&limit=50 - ::1","service":"ecommerce-api","timestamp":"2025-09-10 10:48:26"}
{"level":"info","message":"GET /api/v1/categories - ::1","service":"ecommerce-api","timestamp":"2025-09-10 10:48:26"}
{"level":"info","message":"POST /api/v1/categories - ::1","service":"ecommerce-api","timestamp":"2025-09-10 10:48:51"}
{"level":"info","message":"GET /api/v1/auth/me - ::1","service":"ecommerce-api","timestamp":"2025-09-10 10:49:01"}
{"level":"info","message":"GET /api/v1/auth/me - ::1","service":"ecommerce-api","timestamp":"2025-09-10 10:49:01"}
{"level":"info","message":"GET /api/v1/auth/me - ::1","service":"ecommerce-api","timestamp":"2025-09-10 10:49:01"}
{"level":"info","message":"GET /api/v1/auth/me - ::1","service":"ecommerce-api","timestamp":"2025-09-10 10:49:01"}
{"level":"info","message":"POST /api/v1/auth/login - ::1","service":"ecommerce-api","timestamp":"2025-09-10 10:49:09"}
{"level":"info","message":"GET /api/v1/products?page=1&limit=50 - ::1","service":"ecommerce-api","timestamp":"2025-09-10 10:49:11"}
{"level":"info","message":"GET /api/v1/categories - ::1","service":"ecommerce-api","timestamp":"2025-09-10 10:49:11"}
{"level":"info","message":"GET /api/v1/categories - ::1","service":"ecommerce-api","timestamp":"2025-09-10 10:49:15"}
{"level":"info","message":"GET /api/v1/auth/me - ::1","service":"ecommerce-api","timestamp":"2025-09-10 10:49:27"}
{"level":"info","message":"GET /api/v1/auth/me - ::1","service":"ecommerce-api","timestamp":"2025-09-10 10:49:27"}
{"level":"info","message":"GET /api/v1/auth/me - ::1","service":"ecommerce-api","timestamp":"2025-09-10 10:49:27"}
{"level":"info","message":"GET /api/v1/auth/me - ::1","service":"ecommerce-api","timestamp":"2025-09-10 10:49:27"}
{"level":"info","message":"GET /api/v1/products?page=1&limit=12 - ::1","service":"ecommerce-api","timestamp":"2025-09-10 10:51:34"}
{"level":"info","message":"GET /api/v1/products?page=1&limit=12 - ::1","service":"ecommerce-api","timestamp":"2025-09-10 10:51:38"}
{"level":"info","message":"✅ Database connected successfully","service":"ecommerce-api","timestamp":"2025-09-10 10:56:33"}
{"level":"info","message":"✅ Database connected successfully","service":"ecommerce-api","timestamp":"2025-09-10 10:56:43"}
{"level":"info","message":"GET /api/v1/products?page=1&limit=12 - ::1","service":"ecommerce-api","timestamp":"2025-09-10 10:56:59"}
{"level":"info","message":"GET /api/v1/products?page=1&limit=12 - ::1","service":"ecommerce-api","timestamp":"2025-09-10 10:57:10"}
{"level":"info","message":"POST /api/v1/auth/login - ::1","service":"ecommerce-api","timestamp":"2025-09-10 10:57:28"}
{"level":"info","message":"GET /api/v1/categories/tree - ::1","service":"ecommerce-api","timestamp":"2025-09-10 10:57:30"}
{"level":"info","message":"GET /api/v1/products?page=1&limit=50 - ::1","service":"ecommerce-api","timestamp":"2025-09-10 10:57:30"}
{"level":"info","message":"GET /api/v1/auth/me - ::1","service":"ecommerce-api","timestamp":"2025-09-10 10:57:36"}
{"level":"error","message":"Get user data error: authService.getUserById is not a function","service":"ecommerce-api","stack":"TypeError: authService.getUserById is not a function\n    at me (C:\\Users\\HP\\Desktop\\MB\\backend\\src\\controllers\\auth.controller.js:29:36)\n    at newFn (C:\\Users\\HP\\Desktop\\MB\\backend\\node_modules\\express-async-errors\\index.js:16:20)\n    at Layer.handle [as handle_request] (C:\\Users\\HP\\Desktop\\MB\\backend\\node_modules\\express\\lib\\router\\layer.js:95:5)\n    at next (C:\\Users\\HP\\Desktop\\MB\\backend\\node_modules\\express\\lib\\router\\route.js:149:13)\n    at authenticate (C:\\Users\\HP\\Desktop\\MB\\backend\\src\\middlewares\\auth.middleware.js:41:5)","timestamp":"2025-09-10 10:57:36"}
{"level":"info","message":"GET /api/v1/auth/me - ::1","service":"ecommerce-api","timestamp":"2025-09-10 10:57:36"}
{"level":"error","message":"Get user data error: authService.getUserById is not a function","service":"ecommerce-api","stack":"TypeError: authService.getUserById is not a function\n    at me (C:\\Users\\HP\\Desktop\\MB\\backend\\src\\controllers\\auth.controller.js:29:36)\n    at newFn (C:\\Users\\HP\\Desktop\\MB\\backend\\node_modules\\express-async-errors\\index.js:16:20)\n    at Layer.handle [as handle_request] (C:\\Users\\HP\\Desktop\\MB\\backend\\node_modules\\express\\lib\\router\\layer.js:95:5)\n    at next (C:\\Users\\HP\\Desktop\\MB\\backend\\node_modules\\express\\lib\\router\\route.js:149:13)\n    at authenticate (C:\\Users\\HP\\Desktop\\MB\\backend\\src\\middlewares\\auth.middleware.js:41:5)","timestamp":"2025-09-10 10:57:36"}
{"level":"info","message":"GET /api/v1/auth/me - ::1","service":"ecommerce-api","timestamp":"2025-09-10 10:57:36"}
{"level":"error","message":"Get user data error: authService.getUserById is not a function","service":"ecommerce-api","stack":"TypeError: authService.getUserById is not a function\n    at me (C:\\Users\\HP\\Desktop\\MB\\backend\\src\\controllers\\auth.controller.js:29:36)\n    at newFn (C:\\Users\\HP\\Desktop\\MB\\backend\\node_modules\\express-async-errors\\index.js:16:20)\n    at Layer.handle [as handle_request] (C:\\Users\\HP\\Desktop\\MB\\backend\\node_modules\\express\\lib\\router\\layer.js:95:5)\n    at next (C:\\Users\\HP\\Desktop\\MB\\backend\\node_modules\\express\\lib\\router\\route.js:149:13)\n    at authenticate (C:\\Users\\HP\\Desktop\\MB\\backend\\src\\middlewares\\auth.middleware.js:41:5)","timestamp":"2025-09-10 10:57:36"}
{"level":"info","message":"GET /api/v1/auth/me - ::1","service":"ecommerce-api","timestamp":"2025-09-10 10:57:36"}
{"level":"error","message":"Get user data error: authService.getUserById is not a function","service":"ecommerce-api","stack":"TypeError: authService.getUserById is not a function\n    at me (C:\\Users\\HP\\Desktop\\MB\\backend\\src\\controllers\\auth.controller.js:29:36)\n    at newFn (C:\\Users\\HP\\Desktop\\MB\\backend\\node_modules\\express-async-errors\\index.js:16:20)\n    at Layer.handle [as handle_request] (C:\\Users\\HP\\Desktop\\MB\\backend\\node_modules\\express\\lib\\router\\layer.js:95:5)\n    at next (C:\\Users\\HP\\Desktop\\MB\\backend\\node_modules\\express\\lib\\router\\route.js:149:13)\n    at authenticate (C:\\Users\\HP\\Desktop\\MB\\backend\\src\\middlewares\\auth.middleware.js:41:5)","timestamp":"2025-09-10 10:57:36"}
{"level":"info","message":"POST /api/v1/auth/login - ::1","service":"ecommerce-api","timestamp":"2025-09-10 10:57:55"}
{"level":"info","message":"GET /api/v1/categories/tree - ::1","service":"ecommerce-api","timestamp":"2025-09-10 10:58:08"}
{"level":"info","message":"GET /api/v1/products?page=1&limit=50 - ::1","service":"ecommerce-api","timestamp":"2025-09-10 10:58:08"}
{"level":"info","message":"GET /api/v1/auth/me - ::1","service":"ecommerce-api","timestamp":"2025-09-10 10:58:32"}
{"level":"error","message":"Get user data error: authService.getUserById is not a function","service":"ecommerce-api","stack":"TypeError: authService.getUserById is not a function\n    at me (C:\\Users\\HP\\Desktop\\MB\\backend\\src\\controllers\\auth.controller.js:29:36)\n    at newFn (C:\\Users\\HP\\Desktop\\MB\\backend\\node_modules\\express-async-errors\\index.js:16:20)\n    at Layer.handle [as handle_request] (C:\\Users\\HP\\Desktop\\MB\\backend\\node_modules\\express\\lib\\router\\layer.js:95:5)\n    at next (C:\\Users\\HP\\Desktop\\MB\\backend\\node_modules\\express\\lib\\router\\route.js:149:13)\n    at authenticate (C:\\Users\\HP\\Desktop\\MB\\backend\\src\\middlewares\\auth.middleware.js:41:5)","timestamp":"2025-09-10 10:58:32"}
{"level":"info","message":"GET /api/v1/auth/me - ::1","service":"ecommerce-api","timestamp":"2025-09-10 10:58:32"}
{"level":"error","message":"Get user data error: authService.getUserById is not a function","service":"ecommerce-api","stack":"TypeError: authService.getUserById is not a function\n    at me (C:\\Users\\HP\\Desktop\\MB\\backend\\src\\controllers\\auth.controller.js:29:36)\n    at newFn (C:\\Users\\HP\\Desktop\\MB\\backend\\node_modules\\express-async-errors\\index.js:16:20)\n    at Layer.handle [as handle_request] (C:\\Users\\HP\\Desktop\\MB\\backend\\node_modules\\express\\lib\\router\\layer.js:95:5)\n    at next (C:\\Users\\HP\\Desktop\\MB\\backend\\node_modules\\express\\lib\\router\\route.js:149:13)\n    at authenticate (C:\\Users\\HP\\Desktop\\MB\\backend\\src\\middlewares\\auth.middleware.js:41:5)","timestamp":"2025-09-10 10:58:32"}
{"level":"info","message":"GET /api/v1/auth/me - ::1","service":"ecommerce-api","timestamp":"2025-09-10 10:58:32"}
{"level":"error","message":"Get user data error: authService.getUserById is not a function","service":"ecommerce-api","stack":"TypeError: authService.getUserById is not a function\n    at me (C:\\Users\\HP\\Desktop\\MB\\backend\\src\\controllers\\auth.controller.js:29:36)\n    at newFn (C:\\Users\\HP\\Desktop\\MB\\backend\\node_modules\\express-async-errors\\index.js:16:20)\n    at Layer.handle [as handle_request] (C:\\Users\\HP\\Desktop\\MB\\backend\\node_modules\\express\\lib\\router\\layer.js:95:5)\n    at next (C:\\Users\\HP\\Desktop\\MB\\backend\\node_modules\\express\\lib\\router\\route.js:149:13)\n    at authenticate (C:\\Users\\HP\\Desktop\\MB\\backend\\src\\middlewares\\auth.middleware.js:41:5)","timestamp":"2025-09-10 10:58:32"}
{"level":"info","message":"GET /api/v1/auth/me - ::1","service":"ecommerce-api","timestamp":"2025-09-10 10:58:32"}
{"level":"error","message":"Get user data error: authService.getUserById is not a function","service":"ecommerce-api","stack":"TypeError: authService.getUserById is not a function\n    at me (C:\\Users\\HP\\Desktop\\MB\\backend\\src\\controllers\\auth.controller.js:29:36)\n    at newFn (C:\\Users\\HP\\Desktop\\MB\\backend\\node_modules\\express-async-errors\\index.js:16:20)\n    at Layer.handle [as handle_request] (C:\\Users\\HP\\Desktop\\MB\\backend\\node_modules\\express\\lib\\router\\layer.js:95:5)\n    at next (C:\\Users\\HP\\Desktop\\MB\\backend\\node_modules\\express\\lib\\router\\route.js:149:13)\n    at authenticate (C:\\Users\\HP\\Desktop\\MB\\backend\\src\\middlewares\\auth.middleware.js:41:5)","timestamp":"2025-09-10 10:58:33"}
{"level":"info","message":"POST /api/v1/auth/login - ::1","service":"ecommerce-api","timestamp":"2025-09-10 10:58:42"}
{"level":"info","message":"GET /api/v1/categories/tree - ::1","service":"ecommerce-api","timestamp":"2025-09-10 10:58:45"}
{"level":"info","message":"GET /api/v1/products?page=1&limit=50 - ::1","service":"ecommerce-api","timestamp":"2025-09-10 10:58:45"}
{"level":"info","message":"GET /api/v1/categories - ::1","service":"ecommerce-api","timestamp":"2025-09-10 10:58:49"}
{"level":"info","message":"GET /api/v1/categories - ::1","service":"ecommerce-api","timestamp":"2025-09-10 10:58:56"}
